[21:54:18] [Client thread/INFO]: Setting user: Player892
[21:54:21] [Client thread/INFO]: LWJGL Version: 2.9.1
[21:54:24] [Client thread/INFO]: Reloading ResourceManager: Default, FMLFileResourcePack:Forge Mod Loader, FMLFileResourcePack:Minecraft Forge, FMLFileResourcePack:examplemod, FMLFileResourcePack:Test Mod
[21:54:24] [Sound Library Loader/INFO]: Starting up SoundSystem...
[21:54:24] [Thread-7/INFO]: Initializing LWJGL OpenAL
[21:54:24] [Thread-7/INFO]: (The LWJGL binding of OpenAL.  For more information, see http://www.lwjgl.org)
[21:54:25] [Thread-7/INFO]: OpenAL initialized.
[21:54:25] [Sound Library Loader/INFO]: Sound engine started
[21:54:28] [Client thread/INFO]: Created: 512x512 textures-atlas
[21:54:29] [Client thread/INFO]: Reloading ResourceManager: Default, FMLFileResourcePack:Forge Mod Loader, FMLFileResourcePack:Minecraft Forge, FMLFileResourcePack:examplemod, FMLFileResourcePack:Test Mod
[21:54:29] [Client thread/INFO]: SoundSystem shutting down...
[21:54:30] [Client thread/WARN]: Author: Paul Lamb, www.paulscode.com
[21:54:30] [Sound Library Loader/INFO]: Starting up SoundSystem...
[21:54:30] [Thread-9/INFO]: Initializing LWJGL OpenAL
[21:54:30] [Thread-9/INFO]: (The LWJGL binding of OpenAL.  For more information, see http://www.lwjgl.org)
[21:54:30] [Thread-9/INFO]: OpenAL initialized.
[21:54:30] [Sound Library Loader/INFO]: Sound engine started
[21:54:33] [Client thread/INFO]: Created: 512x512 textures-atlas
[21:54:57] [Server thread/INFO]: Starting integrated minecraft server version 1.8
[21:54:57] [Server thread/INFO]: Generating keypair
[21:54:58] [Server thread/INFO]: Preparing start region for level 0
[21:54:59] [Server thread/INFO]: Preparing spawn area: 53%
[21:55:00] [Server thread/INFO]: Changing view distance to 12, from 10
[21:55:01] [Server thread/INFO]: Player892[local:E:9dcf46df] logged in with entity id 300 at (-183.53007568830577, 74.0, 230.61441439773066)
[21:55:01] [Server thread/INFO]: Player892 joined the game
[21:55:05] [Server thread/INFO]: Player892 has just earned the achievement [Taking Inventory]
[21:55:05] [Client thread/INFO]: [CHAT] Player892 has just earned the achievement [Taking Inventory]
[21:55:06] [Server thread/INFO]: Saving and pausing game...
[21:55:06] [Server thread/INFO]: Saving chunks for level 'test'/Overworld
[21:55:06] [Server thread/INFO]: Saving chunks for level 'test'/Nether
[21:55:06] [Server thread/INFO]: Saving chunks for level 'test'/The End
[21:55:07] [Server thread/INFO]: Saving and pausing game...
[21:55:07] [Server thread/INFO]: Saving chunks for level 'test'/Overworld
[21:55:07] [Server thread/INFO]: Saving chunks for level 'test'/Nether
[21:55:07] [Server thread/INFO]: Saving chunks for level 'test'/The End
[21:55:08] [Server thread/INFO]: Saving and pausing game...
[21:55:08] [Server thread/INFO]: Saving chunks for level 'test'/Overworld
[21:55:08] [Server thread/INFO]: Saving chunks for level 'test'/Nether
[21:55:08] [Server thread/INFO]: Saving chunks for level 'test'/The End
[21:55:12] [Client thread/INFO]: Started on 65336
[21:55:12] [Client thread/INFO]: [CHAT] Local game hosted on port 65336
[21:55:17] [Client thread/INFO]: [CHAT] /gamemode, /gamerule
[21:55:19] [Server thread/INFO]: [Player892: Set own game mode to Creative Mode]
[21:55:19] [Client thread/INFO]: [CHAT] Your game mode has been updated
[21:55:20] [Server thread/INFO]: Player892 lost connection: TextComponent{text='Disconnected', siblings=[], style=Style{hasParent=false, color=null, bold=null, italic=null, underlined=null, obfuscated=null, clickEvent=null, hoverEvent=null, insertion=null}}
[21:55:20] [Server thread/INFO]: Player892 left the game
[21:55:20] [Server thread/INFO]: Stopping singleplayer server as player logged out
[21:55:20] [Server thread/INFO]: Stopping server
[21:55:20] [Server thread/INFO]: Saving players
[21:55:20] [Server thread/INFO]: Saving worlds
[21:55:20] [Server thread/INFO]: Saving chunks for level 'test'/Overworld
[21:55:20] [Server thread/INFO]: Saving chunks for level 'test'/Nether
[21:55:20] [Server thread/INFO]: Saving chunks for level 'test'/The End
[21:55:23] [Server thread/INFO]: Starting integrated minecraft server version 1.8
[21:55:23] [Server thread/INFO]: Generating keypair
[21:55:23] [Server thread/INFO]: Preparing start region for level 0
[21:55:24] [Server thread/INFO]: Changing view distance to 12, from 10
[21:55:24] [Server thread/INFO]: Player892[local:E:f33335cf] logged in with entity id 697 at (-183.53007568830577, 74.0, 230.61441439773066)
[21:55:24] [Server thread/INFO]: Player892 joined the game
[21:55:38] [Server thread/INFO]: Saving and pausing game...
[21:55:38] [Server thread/INFO]: Saving chunks for level 'test'/Overworld
[21:55:38] [Server thread/INFO]: Saving chunks for level 'test'/Nether
[21:55:38] [Server thread/INFO]: Saving chunks for level 'test'/The End
[21:55:39] [Server thread/INFO]: Stopping server
[21:55:39] [Server thread/INFO]: Saving players
[21:55:39] [Server thread/INFO]: Saving worlds
[21:55:39] [Server thread/INFO]: Saving chunks for level 'test'/Overworld
[21:55:39] [Server thread/INFO]: Saving chunks for level 'test'/Nether
[21:55:39] [Server thread/INFO]: Saving chunks for level 'test'/The End
[21:55:41] [Client thread/INFO]: Stopping!
[21:55:41] [Client thread/INFO]: SoundSystem shutting down...
[21:55:41] [Client thread/WARN]: Author: Paul Lamb, www.paulscode.com
